<?xml version="1.0" encoding="UTF-8"?>
<testsuite name="PasswordValidationTest" tests="1" skipped="0" failures="0" errors="0" timestamp="2019-12-06T11:11:12" hostname="recruit-ThinkCentre-M73" time="0.016">
  <properties/>
  <testcase name="TestPasswordIsValid()" classname="PasswordValidationTest" time="0.016"/>
  <system-out><![CDATA[]]></system-out>
  <system-err><![CDATA[]]></system-err>
</testsuite>
